nohup: ignoring input
Unable to init server: Could not connect: Connection refused
Unable to init server: Could not connect: Connection refused

(main.py:8597): Gdk-CRITICAL **: 20:33:09.818: gdk_cursor_new_for_display: assertion 'GDK_IS_DISPLAY (display)' failed

(main.py:8597): Gdk-CRITICAL **: 20:33:09.818: gdk_cursor_new_for_display: assertion 'GDK_IS_DISPLAY (display)' failed
authors_cites_author
total of authors 18170
total of papers 169446
total of citations 36
colabs begin 2010 delta 10
colabs 3
total missing 0
total force 3 commum keys 3
[]
authors_cites_author
total of authors 19143
total of papers 173889
total of citations 43
colabs begin 2011 delta 10
colabs 3
total missing 0
total force 3 commum keys 3
[]
authors_cites_author
total of authors 20960
total of papers 179340
total of citations 50
colabs begin 2012 delta 10
colabs 4
total missing 0
total force 4 commum keys 4
[]
authors_cites_author
total of authors 25699
total of papers 182817
total of citations 55
colabs begin 2013 delta 10
colabs 2
total missing 0
total force 2 commum keys 2
[]
authors_cites_author
total of authors 27763
total of papers 186828
total of citations 60
colabs begin 2014 delta 10
colabs 2
total missing 0
total force 2 commum keys 2
[]
authors_cites_author
total of authors 29210
total of papers 188801
total of citations 79
colabs begin 2015 delta 10
colabs 3
total missing 0
total force 3 commum keys 3
[]
Finished
